timestamp: 2017-05-19T09:44:46.608978
CREATE TABLE auth_user(
    id INTEGER PRIMARY KEY AUTOINCREMENT,
    first_name CHAR(128),
    last_name CHAR(128),
    email CHAR(512),
    password CHAR(512),
    registration_key CHAR(512),
    reset_password_key CHAR(512),
    registration_id CHAR(512)
);
success!
timestamp: 2017-05-19T09:44:46.702895
CREATE TABLE auth_group(
    id INTEGER PRIMARY KEY AUTOINCREMENT,
    role CHAR(512),
    description TEXT
);
success!
timestamp: 2017-05-19T09:44:46.750737
CREATE TABLE auth_membership(
    id INTEGER PRIMARY KEY AUTOINCREMENT,
    user_id INTEGER REFERENCES auth_user (id) ON DELETE CASCADE  ,
    group_id INTEGER REFERENCES auth_group (id) ON DELETE CASCADE  
);
success!
timestamp: 2017-05-19T09:44:46.798427
CREATE TABLE auth_permission(
    id INTEGER PRIMARY KEY AUTOINCREMENT,
    group_id INTEGER REFERENCES auth_group (id) ON DELETE CASCADE  ,
    name CHAR(512),
    table_name CHAR(512),
    record_id INTEGER
);
success!
timestamp: 2017-05-19T09:44:46.816349
CREATE TABLE auth_event(
    id INTEGER PRIMARY KEY AUTOINCREMENT,
    time_stamp TIMESTAMP,
    client_ip CHAR(512),
    user_id INTEGER REFERENCES auth_user (id) ON DELETE CASCADE  ,
    origin CHAR(512),
    description TEXT
);
success!
timestamp: 2017-05-19T09:44:46.830552
CREATE TABLE auth_cas(
    id INTEGER PRIMARY KEY AUTOINCREMENT,
    user_id INTEGER REFERENCES auth_user (id) ON DELETE CASCADE  ,
    created_on TIMESTAMP,
    service CHAR(512),
    ticket CHAR(512),
    renew CHAR(1)
);
success!
timestamp: 2017-06-07T02:12:11.606613
CREATE TABLE learning(
    id INTEGER PRIMARY KEY AUTOINCREMENT,
    task_key CHAR(512)
);
success!
timestamp: 2017-06-07T02:14:01.311327
ALTER TABLE learning ADD user_id INTEGER REFERENCES auth_user (id) ON DELETE CASCADE  ;
success!
success!
success!
success!
timestamp: 2017-06-07T02:16:21.483891
ALTER TABLE learning ADD evaluation TEXT;
timestamp: 2017-06-07T02:16:21.489639
ALTER TABLE learning ADD responses TEXT;
success!
success!
timestamp: 2017-06-07T02:27:30.121507
ALTER TABLE learning ADD evaluations TEXT;
success!
success!
success!
success!
success!
success!
success!
success!
success!
success!
success!
success!
success!
success!
success!
success!
success!
success!
success!
success!
success!
success!
success!
timestamp: 2017-06-07T02:35:02.838175
ALTER TABLE learning ADD tries_count INTEGER;
timestamp: 2017-06-07T02:35:02.843095
ALTER TABLE learning ADD total_mark_percent INTEGER;
success!
success!
success!
timestamp: 2017-06-07T02:40:24.444334
ALTER TABLE learning ADD mark INTEGER;
success!
success!
success!
success!
success!
success!
success!
success!
success!
success!
success!
success!
success!
success!
success!
timestamp: 2017-06-07T02:46:08.268707
ALTER TABLE learning ADD tries_count2 CHAR(512);
success!
success!
success!
success!
success!
success!
success!
success!
success!
success!
success!
success!
success!
success!
success!
success!
success!
success!
success!
success!
success!
success!
success!
success!
success!
success!
success!
success!
success!
success!
success!
success!
success!
success!
success!
success!
success!
success!
success!
success!
success!
success!
success!
success!
success!
success!
success!
success!
success!
success!
success!
success!
success!
success!
success!
success!
success!
success!
timestamp: 2017-06-07T03:40:18.923349
CREATE TABLE learn(
    id INTEGER PRIMARY KEY AUTOINCREMENT,
    user_id INTEGER REFERENCES auth_user (id) ON DELETE CASCADE  ,
    task_key CHAR(512),
    responses TEXT,
    evaluations TEXT,
    mark INTEGER,
    tries_count INTEGER
);
success!
timestamp: 2017-06-15T12:48:25.814696
CREATE TABLE chat(
    id INTEGER PRIMARY KEY AUTOINCREMENT,
    user_name CHAR(512),
    msg CHAR(512),
    moment TIMESTAMP
);
success!
